<?xml version="1.0" encoding="UTF-8"?>
<!-- Generated by org.testng.reporters.JUnitXMLReporter -->
<testsuite hostname="ip-172-31-92-120" ignored="4" name="Test" tests="1" failures="0" timestamp="2021-10-25T07:01:20 UTC" time="0.048" errors="0">
  <testcase name="CreditCardTest" time="0.005" classname="test.Testcase2"/>
  <testcase name="HomeLoanTest" time="0.0" classname="test.Testcase1">
    <ignored/>
  </testcase> <!-- HomeLoanTest -->
  <testcase name="@BeforeTest BeforeTestMethod" time="0.0" classname="test.Baseclass">
    <ignored/>
  </testcase> <!-- @BeforeTest BeforeTestMethod -->
  <testcase name="CarLoanTest" time="0.0" classname="test.Testcase1">
    <ignored/>
  </testcase> <!-- CarLoanTest -->
  <testcase name="@AfterTest teardowntest" time="0.0" classname="test.Baseclass">
    <ignored/>
  </testcase> <!-- @AfterTest teardowntest -->
</testsuite> <!-- Test -->
